2021-08-28T13:02:01.321-0700 [DEBUG] Adding temp file log sink: /var/folders/l2/75kplhsd2z32jqs2nw0p5m100000gn/T/terraform-log468260421
2021-08-28T13:02:01.321-0700 [INFO]  Terraform version: 1.0.5
2021-08-28T13:02:01.321-0700 [INFO]  Go runtime version: go1.16.4
2021-08-28T13:02:01.321-0700 [INFO]  CLI args: []string{"/usr/local/bin/terraform", "apply", "-auto-approve"}
2021-08-28T13:02:01.322-0700 [DEBUG] Attempting to open CLI config file: /Users/damcfarl/.terraformrc
2021-08-28T13:02:01.322-0700 [DEBUG] File doesn't exist, but doesn't need to. Ignoring.
2021-08-28T13:02:01.322-0700 [DEBUG] ignoring non-existing provider search directory terraform.d/plugins
2021-08-28T13:02:01.322-0700 [DEBUG] ignoring non-existing provider search directory /Users/damcfarl/.terraform.d/plugins
2021-08-28T13:02:01.322-0700 [DEBUG] ignoring non-existing provider search directory /Users/damcfarl/Library/Application Support/io.terraform/plugins
2021-08-28T13:02:01.322-0700 [DEBUG] ignoring non-existing provider search directory /Library/Application Support/io.terraform/plugins
2021-08-28T13:02:01.323-0700 [INFO]  CLI command args: []string{"apply", "-auto-approve"}
2021-08-28T13:02:01.327-0700 [DEBUG] New state was assigned lineage "6cdf22b9-7cee-eecd-6c67-62c7be598110"
2021-08-28T13:02:01.423-0700 [DEBUG] checking for provisioner in "."
2021-08-28T13:02:01.425-0700 [DEBUG] checking for provisioner in "/usr/local/bin"
2021-08-28T13:02:01.425-0700 [INFO]  Failed to read plugin lock file .terraform/plugins/darwin_amd64/lock.json: open .terraform/plugins/darwin_amd64/lock.json: no such file or directory
2021-08-28T13:02:01.426-0700 [INFO]  backend/local: starting Apply operation
2021-08-28T13:02:01.431-0700 [DEBUG] created provider logger: level=debug
2021-08-28T13:02:01.431-0700 [INFO]  provider: configuring client automatic mTLS
2021-08-28T13:02:01.476-0700 [DEBUG] provider: starting plugin: path=.terraform/providers/registry.terraform.io/ciscodevnet/mso/0.2.1/darwin_amd64/terraform-provider-mso_v0.2.1 args=[.terraform/providers/registry.terraform.io/ciscodevnet/mso/0.2.1/darwin_amd64/terraform-provider-mso_v0.2.1]
2021-08-28T13:02:01.480-0700 [DEBUG] provider: plugin started: path=.terraform/providers/registry.terraform.io/ciscodevnet/mso/0.2.1/darwin_amd64/terraform-provider-mso_v0.2.1 pid=38960
2021-08-28T13:02:01.480-0700 [DEBUG] provider: waiting for RPC address: path=.terraform/providers/registry.terraform.io/ciscodevnet/mso/0.2.1/darwin_amd64/terraform-provider-mso_v0.2.1
2021-08-28T13:02:01.496-0700 [INFO]  provider.terraform-provider-mso_v0.2.1: configuring server automatic mTLS: timestamp=2021-08-28T13:02:01.495-0700
2021-08-28T13:02:01.527-0700 [DEBUG] provider.terraform-provider-mso_v0.2.1: plugin address: address=/var/folders/l2/75kplhsd2z32jqs2nw0p5m100000gn/T/plugin045830615 network=unix timestamp=2021-08-28T13:02:01.527-0700
2021-08-28T13:02:01.527-0700 [DEBUG] provider: using plugin: version=5
2021-08-28T13:02:01.591-0700 [DEBUG] No provider meta schema returned
2021-08-28T13:02:01.594-0700 [DEBUG] provider.stdio: received EOF, stopping recv loop: err="rpc error: code = Unavailable desc = transport is closing"
2021-08-28T13:02:01.596-0700 [DEBUG] provider: plugin process exited: path=.terraform/providers/registry.terraform.io/ciscodevnet/mso/0.2.1/darwin_amd64/terraform-provider-mso_v0.2.1 pid=38960
2021-08-28T13:02:01.596-0700 [DEBUG] provider: plugin exited
2021-08-28T13:02:01.596-0700 [INFO]  terraform: building graph: GraphTypeValidate
2021-08-28T13:02:01.598-0700 [DEBUG] ProviderTransformer: "data.mso_site.site2_obj" (*terraform.NodeValidatableResource) needs provider["registry.terraform.io/ciscodevnet/mso"]
2021-08-28T13:02:01.598-0700 [DEBUG] ProviderTransformer: "mso_schema_site.schema_site2_obj" (*terraform.NodeValidatableResource) needs provider["registry.terraform.io/ciscodevnet/mso"]
2021-08-28T13:02:01.598-0700 [DEBUG] ProviderTransformer: "data.mso_tenant.tenant_obj" (*terraform.NodeValidatableResource) needs provider["registry.terraform.io/ciscodevnet/mso"]
2021-08-28T13:02:01.598-0700 [DEBUG] ProviderTransformer: "mso_schema_site.schema_site1_obj" (*terraform.NodeValidatableResource) needs provider["registry.terraform.io/ciscodevnet/mso"]
2021-08-28T13:02:01.598-0700 [DEBUG] ProviderTransformer: "data.mso_schema.schema_obj" (*terraform.NodeValidatableResource) needs provider["registry.terraform.io/ciscodevnet/mso"]
2021-08-28T13:02:01.598-0700 [DEBUG] ProviderTransformer: "data.mso_site.site1_obj" (*terraform.NodeValidatableResource) needs provider["registry.terraform.io/ciscodevnet/mso"]
2021-08-28T13:02:01.599-0700 [DEBUG] ReferenceTransformer: "data.mso_site.site2_obj" references: [var.site2_name]
2021-08-28T13:02:01.599-0700 [DEBUG] ReferenceTransformer: "var.site2_name" references: []
2021-08-28T13:02:01.599-0700 [DEBUG] ReferenceTransformer: "var.tenant_name" references: []
2021-08-28T13:02:01.599-0700 [DEBUG] ReferenceTransformer: "provider[\"registry.terraform.io/ciscodevnet/mso\"]" references: [var.mso_password var.mso_url var.mso_username]
2021-08-28T13:02:01.599-0700 [DEBUG] ReferenceTransformer: "mso_schema_site.schema_site2_obj" references: [var.template_name data.mso_schema.schema_obj data.mso_site.site2_obj]
2021-08-28T13:02:01.599-0700 [DEBUG] ReferenceTransformer: "data.mso_tenant.tenant_obj" references: [var.tenant_name var.tenant_name]
2021-08-28T13:02:01.599-0700 [DEBUG] ReferenceTransformer: "var.template_name" references: []
2021-08-28T13:02:01.599-0700 [DEBUG] ReferenceTransformer: "var.vrf" references: []
2021-08-28T13:02:01.599-0700 [DEBUG] ReferenceTransformer: "mso_schema_site.schema_site1_obj" references: [data.mso_schema.schema_obj data.mso_site.site1_obj var.template_name]
2021-08-28T13:02:01.600-0700 [DEBUG] ReferenceTransformer: "data.mso_schema.schema_obj" references: [var.schema]
2021-08-28T13:02:01.600-0700 [DEBUG] ReferenceTransformer: "data.mso_site.site1_obj" references: [var.site1_name]
2021-08-28T13:02:01.600-0700 [DEBUG] ReferenceTransformer: "var.mso_password" references: []
2021-08-28T13:02:01.600-0700 [DEBUG] ReferenceTransformer: "var.mso_url" references: []
2021-08-28T13:02:01.600-0700 [DEBUG] ReferenceTransformer: "var.site1_name" references: []
2021-08-28T13:02:01.600-0700 [DEBUG] ReferenceTransformer: "var.bd" references: []
2021-08-28T13:02:01.600-0700 [DEBUG] ReferenceTransformer: "var.mso_username" references: []
2021-08-28T13:02:01.600-0700 [DEBUG] ReferenceTransformer: "var.schema" references: []
2021-08-28T13:02:01.601-0700 [DEBUG] Starting graph walk: walkValidate
2021-08-28T13:02:01.603-0700 [DEBUG] created provider logger: level=debug
2021-08-28T13:02:01.604-0700 [INFO]  provider: configuring client automatic mTLS
2021-08-28T13:02:01.643-0700 [DEBUG] provider: starting plugin: path=.terraform/providers/registry.terraform.io/ciscodevnet/mso/0.2.1/darwin_amd64/terraform-provider-mso_v0.2.1 args=[.terraform/providers/registry.terraform.io/ciscodevnet/mso/0.2.1/darwin_amd64/terraform-provider-mso_v0.2.1]
2021-08-28T13:02:01.647-0700 [DEBUG] provider: plugin started: path=.terraform/providers/registry.terraform.io/ciscodevnet/mso/0.2.1/darwin_amd64/terraform-provider-mso_v0.2.1 pid=38967
2021-08-28T13:02:01.647-0700 [DEBUG] provider: waiting for RPC address: path=.terraform/providers/registry.terraform.io/ciscodevnet/mso/0.2.1/darwin_amd64/terraform-provider-mso_v0.2.1
2021-08-28T13:02:01.661-0700 [INFO]  provider.terraform-provider-mso_v0.2.1: configuring server automatic mTLS: timestamp=2021-08-28T13:02:01.661-0700
2021-08-28T13:02:01.690-0700 [DEBUG] provider.terraform-provider-mso_v0.2.1: plugin address: address=/var/folders/l2/75kplhsd2z32jqs2nw0p5m100000gn/T/plugin569185426 network=unix timestamp=2021-08-28T13:02:01.690-0700
2021-08-28T13:02:01.691-0700 [DEBUG] provider: using plugin: version=5
2021-08-28T13:02:01.749-0700 [DEBUG] No provider meta schema returned
2021-08-28T13:02:01.759-0700 [DEBUG] provider.stdio: received EOF, stopping recv loop: err="rpc error: code = Unavailable desc = transport is closing"
2021-08-28T13:02:01.761-0700 [DEBUG] provider: plugin process exited: path=.terraform/providers/registry.terraform.io/ciscodevnet/mso/0.2.1/darwin_amd64/terraform-provider-mso_v0.2.1 pid=38967
2021-08-28T13:02:01.761-0700 [DEBUG] provider: plugin exited
2021-08-28T13:02:01.761-0700 [INFO]  backend/local: apply calling Plan
2021-08-28T13:02:01.761-0700 [INFO]  terraform: building graph: GraphTypePlan
2021-08-28T13:02:01.762-0700 [DEBUG] ProviderTransformer: "mso_schema_site.schema_site1_obj (expand)" (*terraform.nodeExpandPlannableResource) needs provider["registry.terraform.io/ciscodevnet/mso"]
2021-08-28T13:02:01.762-0700 [DEBUG] ProviderTransformer: "data.mso_schema.schema_obj (expand)" (*terraform.nodeExpandPlannableResource) needs provider["registry.terraform.io/ciscodevnet/mso"]
2021-08-28T13:02:01.762-0700 [DEBUG] ProviderTransformer: "data.mso_site.site1_obj (expand)" (*terraform.nodeExpandPlannableResource) needs provider["registry.terraform.io/ciscodevnet/mso"]
2021-08-28T13:02:01.762-0700 [DEBUG] ProviderTransformer: "data.mso_site.site2_obj (expand)" (*terraform.nodeExpandPlannableResource) needs provider["registry.terraform.io/ciscodevnet/mso"]
2021-08-28T13:02:01.762-0700 [DEBUG] ProviderTransformer: "mso_schema_site.schema_site2_obj (expand)" (*terraform.nodeExpandPlannableResource) needs provider["registry.terraform.io/ciscodevnet/mso"]
2021-08-28T13:02:01.762-0700 [DEBUG] ProviderTransformer: "data.mso_tenant.tenant_obj (expand)" (*terraform.nodeExpandPlannableResource) needs provider["registry.terraform.io/ciscodevnet/mso"]
2021-08-28T13:02:01.763-0700 [DEBUG] ReferenceTransformer: "mso_schema_site.schema_site2_obj (expand)" references: [data.mso_schema.schema_obj (expand) data.mso_site.site2_obj (expand) var.template_name]
2021-08-28T13:02:01.763-0700 [DEBUG] ReferenceTransformer: "data.mso_tenant.tenant_obj (expand)" references: [var.tenant_name var.tenant_name]
2021-08-28T13:02:01.763-0700 [DEBUG] ReferenceTransformer: "data.mso_site.site2_obj (expand)" references: [var.site2_name]
2021-08-28T13:02:01.763-0700 [DEBUG] ReferenceTransformer: "var.schema" references: []
2021-08-28T13:02:01.763-0700 [DEBUG] ReferenceTransformer: "var.bd" references: []
2021-08-28T13:02:01.763-0700 [DEBUG] ReferenceTransformer: "provider[\"registry.terraform.io/ciscodevnet/mso\"]" references: [var.mso_password var.mso_url var.mso_username]
2021-08-28T13:02:01.763-0700 [DEBUG] ReferenceTransformer: "var.tenant_name" references: []
2021-08-28T13:02:01.763-0700 [DEBUG] ReferenceTransformer: "var.mso_username" references: []
2021-08-28T13:02:01.763-0700 [DEBUG] ReferenceTransformer: "var.mso_url" references: []
2021-08-28T13:02:01.763-0700 [DEBUG] ReferenceTransformer: "var.site1_name" references: []
2021-08-28T13:02:01.764-0700 [DEBUG] ReferenceTransformer: "var.site2_name" references: []
2021-08-28T13:02:01.764-0700 [DEBUG] ReferenceTransformer: "mso_schema_site.schema_site1_obj (expand)" references: [data.mso_schema.schema_obj (expand) data.mso_site.site1_obj (expand) var.template_name]
2021-08-28T13:02:01.764-0700 [DEBUG] ReferenceTransformer: "var.mso_password" references: []
2021-08-28T13:02:01.764-0700 [DEBUG] ReferenceTransformer: "var.vrf" references: []
2021-08-28T13:02:01.764-0700 [DEBUG] ReferenceTransformer: "data.mso_schema.schema_obj (expand)" references: [var.schema]
2021-08-28T13:02:01.764-0700 [DEBUG] ReferenceTransformer: "data.mso_site.site1_obj (expand)" references: [var.site1_name]
2021-08-28T13:02:01.764-0700 [DEBUG] ReferenceTransformer: "var.template_name" references: []
2021-08-28T13:02:01.766-0700 [DEBUG] Starting graph walk: walkPlan
2021-08-28T13:02:01.767-0700 [DEBUG] created provider logger: level=debug
2021-08-28T13:02:01.767-0700 [INFO]  provider: configuring client automatic mTLS
2021-08-28T13:02:01.804-0700 [DEBUG] provider: starting plugin: path=.terraform/providers/registry.terraform.io/ciscodevnet/mso/0.2.1/darwin_amd64/terraform-provider-mso_v0.2.1 args=[.terraform/providers/registry.terraform.io/ciscodevnet/mso/0.2.1/darwin_amd64/terraform-provider-mso_v0.2.1]
2021-08-28T13:02:01.809-0700 [DEBUG] provider: plugin started: path=.terraform/providers/registry.terraform.io/ciscodevnet/mso/0.2.1/darwin_amd64/terraform-provider-mso_v0.2.1 pid=38968
2021-08-28T13:02:01.809-0700 [DEBUG] provider: waiting for RPC address: path=.terraform/providers/registry.terraform.io/ciscodevnet/mso/0.2.1/darwin_amd64/terraform-provider-mso_v0.2.1
2021-08-28T13:02:01.822-0700 [INFO]  provider.terraform-provider-mso_v0.2.1: configuring server automatic mTLS: timestamp=2021-08-28T13:02:01.822-0700
2021-08-28T13:02:01.853-0700 [DEBUG] provider: using plugin: version=5
2021-08-28T13:02:01.853-0700 [DEBUG] provider.terraform-provider-mso_v0.2.1: plugin address: address=/var/folders/l2/75kplhsd2z32jqs2nw0p5m100000gn/T/plugin168529095 network=unix timestamp=2021-08-28T13:02:01.852-0700
2021-08-28T13:02:01.912-0700 [DEBUG] No provider meta schema returned
2021-08-28T13:02:01.921-0700 [DEBUG] Resource instance state not found for node "data.mso_schema.schema_obj", instance data.mso_schema.schema_obj
2021-08-28T13:02:01.921-0700 [INFO]  ReferenceTransformer: reference not found: "var.schema"
2021-08-28T13:02:01.921-0700 [DEBUG] ReferenceTransformer: "data.mso_schema.schema_obj" references: []
2021-08-28T13:02:01.921-0700 [DEBUG] Resource instance state not found for node "data.mso_tenant.tenant_obj", instance data.mso_tenant.tenant_obj
2021-08-28T13:02:01.922-0700 [INFO]  ReferenceTransformer: reference not found: "var.tenant_name"
2021-08-28T13:02:01.922-0700 [INFO]  ReferenceTransformer: reference not found: "var.tenant_name"
2021-08-28T13:02:01.922-0700 [DEBUG] ReferenceTransformer: "data.mso_tenant.tenant_obj" references: []
2021-08-28T13:02:01.922-0700 [DEBUG] Resource instance state not found for node "data.mso_site.site2_obj", instance data.mso_site.site2_obj
2021-08-28T13:02:01.922-0700 [INFO]  ReferenceTransformer: reference not found: "var.site2_name"
2021-08-28T13:02:01.922-0700 [DEBUG] ReferenceTransformer: "data.mso_site.site2_obj" references: []
2021-08-28T13:02:01.923-0700 [DEBUG] provider.terraform-provider-mso_v0.2.1: 2021/08/28 13:02:01 [DEBUG] : Beginning Read
2021-08-28T13:02:01.923-0700 [DEBUG] provider.terraform-provider-mso_v0.2.1: 2021/08/28 13:02:01 HTTP request GET api/v1/schemas
2021-08-28T13:02:01.923-0700 [DEBUG] provider.terraform-provider-mso_v0.2.1: 2021/08/28 13:02:01 [DEBUG] Begin Injection
2021-08-28T13:02:01.923-0700 [DEBUG] provider.terraform-provider-mso_v0.2.1: 2021/08/28 13:02:01 HTTP request POST /api/v1/auth/login
2021-08-28T13:02:01.923-0700 [DEBUG] Resource instance state not found for node "data.mso_site.site1_obj", instance data.mso_site.site1_obj
2021-08-28T13:02:01.923-0700 [DEBUG] provider.terraform-provider-mso_v0.2.1: 2021/08/28 13:02:01 HTTP request after injection POST /api/v1/auth/login
2021-08-28T13:02:01.923-0700 [DEBUG] provider.terraform-provider-mso_v0.2.1: 2021/08/28 13:02:01 [DEBUG] Begining DO method https://10.88.36.44/api/v1/auth/login
2021-08-28T13:02:01.923-0700 [INFO]  ReferenceTransformer: reference not found: "var.site1_name"
2021-08-28T13:02:01.923-0700 [DEBUG] ReferenceTransformer: "data.mso_site.site1_obj" references: []
2021-08-28T13:02:01.924-0700 [DEBUG] provider.terraform-provider-mso_v0.2.1: 2021/08/28 13:02:01 [DEBUG] : Beginning Read
2021-08-28T13:02:01.924-0700 [DEBUG] provider.terraform-provider-mso_v0.2.1: 2021/08/28 13:02:01 HTTP request GET api/v1/tenants
2021-08-28T13:02:01.924-0700 [DEBUG] provider.terraform-provider-mso_v0.2.1: 2021/08/28 13:02:01 [DEBUG] Begin Injection
2021-08-28T13:02:01.924-0700 [DEBUG] provider.terraform-provider-mso_v0.2.1: 2021/08/28 13:02:01 HTTP request POST /api/v1/auth/login
2021-08-28T13:02:01.924-0700 [DEBUG] provider.terraform-provider-mso_v0.2.1: 2021/08/28 13:02:01 HTTP request after injection POST /api/v1/auth/login
2021-08-28T13:02:01.924-0700 [DEBUG] provider.terraform-provider-mso_v0.2.1: 2021/08/28 13:02:01 [DEBUG] Begining DO method https://10.88.36.44/api/v1/auth/login
2021-08-28T13:02:01.925-0700 [DEBUG] provider.terraform-provider-mso_v0.2.1: 2021/08/28 13:02:01 [DEBUG] : Beginning Read
2021-08-28T13:02:01.925-0700 [DEBUG] provider.terraform-provider-mso_v0.2.1: 2021/08/28 13:02:01 [DEBUG] : Beginning Read
2021-08-28T13:02:01.925-0700 [DEBUG] provider.terraform-provider-mso_v0.2.1: 2021/08/28 13:02:01 HTTP request GET api/v1/sites
2021-08-28T13:02:01.925-0700 [DEBUG] provider.terraform-provider-mso_v0.2.1: 2021/08/28 13:02:01 [DEBUG] Begin Injection
2021-08-28T13:02:01.925-0700 [DEBUG] provider.terraform-provider-mso_v0.2.1: 2021/08/28 13:02:01 HTTP request GET api/v1/sites
2021-08-28T13:02:01.925-0700 [DEBUG] provider.terraform-provider-mso_v0.2.1: 2021/08/28 13:02:01 [DEBUG] Begin Injection
2021-08-28T13:02:01.925-0700 [DEBUG] provider.terraform-provider-mso_v0.2.1: 2021/08/28 13:02:01 HTTP request POST /api/v1/auth/login
2021-08-28T13:02:01.925-0700 [DEBUG] provider.terraform-provider-mso_v0.2.1: 2021/08/28 13:02:01 HTTP request POST /api/v1/auth/login
2021-08-28T13:02:01.926-0700 [DEBUG] provider.terraform-provider-mso_v0.2.1: 2021/08/28 13:02:01 HTTP request after injection POST /api/v1/auth/login
2021-08-28T13:02:01.926-0700 [DEBUG] provider.terraform-provider-mso_v0.2.1: 2021/08/28 13:02:01 [DEBUG] Begining DO method https://10.88.36.44/api/v1/auth/login
2021-08-28T13:02:01.926-0700 [DEBUG] provider.terraform-provider-mso_v0.2.1: 2021/08/28 13:02:01 HTTP request after injection POST /api/v1/auth/login
2021-08-28T13:02:01.926-0700 [DEBUG] provider.terraform-provider-mso_v0.2.1: 2021/08/28 13:02:01 [DEBUG] Begining DO method https://10.88.36.44/api/v1/auth/login
2021-08-28T13:02:02.475-0700 [DEBUG] provider.terraform-provider-mso_v0.2.1: 2021/08/28 13:02:02 
2021-08-28T13:02:02.476-0700 [DEBUG] provider.terraform-provider-mso_v0.2.1: HTTP Request: POST https://10.88.36.44/api/v1/auth/login
2021-08-28T13:02:02.476-0700 [DEBUG] provider.terraform-provider-mso_v0.2.1: 2021/08/28 13:02:02 nHTTP Response: 201 201 Created &{201 Created 201 HTTP/1.1 1 1 map[Cache-Control:[no-cache] Connection:[keep-alive] Content-Language:[en] Content-Length:[1005] Content-Type:[application/json] Date:[Sat, 28 Aug 2021 20:01:56 GMT] Expires:[Thu, 01 Jan 1970 00:00:01 GMT] Server:[nginx] Strict-Transport-Security:[max-age=31536000; includeSubDomains] X-Content-Type-Options:[nosniff] X-Frame-Options:[SAMEORIGIN] X-Xss-Protection:[1; mode=block]] 0xc000a8e100 1005 [] false false map[] 0xc000474300 0xc0000bd290}
2021-08-28T13:02:02.476-0700 [DEBUG] provider.terraform-provider-mso_v0.2.1: 2021/08/28 13:02:02 
2021-08-28T13:02:02.476-0700 [DEBUG] provider.terraform-provider-mso_v0.2.1:  HTTP response unique string POST https://10.88.36.44/api/v1/auth/login {"userId":"0000ffff0000000000000020","needsPasswordUpdate":false,"token":"eyJ0eXAiOiJKV1QiLCJhbGciOiJIUzI1NiJ9.eyJleHAiOjE2MzAxODIxMTYsImlhdCI6MTYzMDE4MDkxNiwiaXNzIjoiOWJhZmM4NDkwNGExNDYzOWEzZjgwMjc3YmNkMDllZjAiLCJtc29Vc2VySWQiOiIwMDAwZmZmZjAwMDAwMDAwMDAwMDAwMjAiLCJ1c2VybmFtZSI6ImFkbWluIiwicGVybWlzc2lvbnMiOlsidmlldy1zaXRlLWFkbWluIiwidmlldy1zaXRlLXBvbGljeSIsInZpZXctdGVuYW50LWNvbm5lY3Rpdml0eSIsInZpZXctYWFhIiwidmlldy1jb25maWctbWFuYWdlciIsInZpZXctYWRtaW4iLCJtYW5hZ2UtdGVuYW50LWNvbm5lY3Rpdml0eSIsIm1hbmFnZS1zaXRlLWFkbWluIiwibWFuYWdlLXNpdGUtcG9saWN5IiwibWFuYWdlLWFhYSIsIm1hbmFnZS1hZG1pbiIsIm1hbmFnZS1jb25maWctbWFuYWdlciJdLCJyYmFjIjpbXSwidXNlcmZsYWdzIjowLCJzZXNzaW9uaWQiOiIxMjQ1IiwidXNlcmlkIjoyNTAwMn0.H-RICPpO0kDYiXFOE0xkeu8vJ-6MLUYyb9IaLqzLtRI","permissions":["view-site-admin","view-site-policy","view-tenant-connectivity","view-aaa","view-config-manager","view-admin","manage-tenant-connectivity","manage-site-admin","manage-site-policy","manage-aaa","manage-admin","manage-config-manager"],"message":""}
2021-08-28T13:02:02.476-0700 [DEBUG] provider.terraform-provider-mso_v0.2.1: 2021/08/28 13:02:02 [DEBUG] Exit from do method
2021-08-28T13:02:02.476-0700 [DEBUG] provider.terraform-provider-mso_v0.2.1: 2021/08/28 13:02:02 HTTP request after injection GET api/v1/tenants
2021-08-28T13:02:02.476-0700 [DEBUG] provider.terraform-provider-mso_v0.2.1: 2021/08/28 13:02:02 [DEBUG] Begining DO method https://10.88.36.44/api/v1/tenants
2021-08-28T13:02:02.477-0700 [DEBUG] provider.terraform-provider-mso_v0.2.1: 2021/08/28 13:02:02 
2021-08-28T13:02:02.478-0700 [DEBUG] provider.terraform-provider-mso_v0.2.1: HTTP Request: POST https://10.88.36.44/api/v1/auth/login
2021-08-28T13:02:02.478-0700 [DEBUG] provider.terraform-provider-mso_v0.2.1: 2021/08/28 13:02:02 nHTTP Response: 201 201 Created &{201 Created 201 HTTP/1.1 1 1 map[Cache-Control:[no-cache] Connection:[keep-alive] Content-Language:[en] Content-Length:[1005] Content-Type:[application/json] Date:[Sat, 28 Aug 2021 20:01:56 GMT] Expires:[Thu, 01 Jan 1970 00:00:01 GMT] Server:[nginx] Strict-Transport-Security:[max-age=31536000; includeSubDomains] X-Content-Type-Options:[nosniff] X-Frame-Options:[SAMEORIGIN] X-Xss-Protection:[1; mode=block]] 0xc000a8e340 1005 [] false false map[] 0xc0005b4300 0xc000449760}
2021-08-28T13:02:02.478-0700 [DEBUG] provider.terraform-provider-mso_v0.2.1: 2021/08/28 13:02:02 
2021-08-28T13:02:02.478-0700 [DEBUG] provider.terraform-provider-mso_v0.2.1:  HTTP response unique string POST https://10.88.36.44/api/v1/auth/login {"userId":"0000ffff0000000000000020","needsPasswordUpdate":false,"token":"eyJ0eXAiOiJKV1QiLCJhbGciOiJIUzI1NiJ9.eyJleHAiOjE2MzAxODIxMTYsImlhdCI6MTYzMDE4MDkxNiwiaXNzIjoiY2FkYTQ1OTYyOTM0NGQzODkxZWVhYThjMDkxNGFjOTciLCJtc29Vc2VySWQiOiIwMDAwZmZmZjAwMDAwMDAwMDAwMDAwMjAiLCJ1c2VybmFtZSI6ImFkbWluIiwicGVybWlzc2lvbnMiOlsidmlldy1zaXRlLWFkbWluIiwidmlldy1zaXRlLXBvbGljeSIsInZpZXctdGVuYW50LWNvbm5lY3Rpdml0eSIsInZpZXctYWFhIiwidmlldy1jb25maWctbWFuYWdlciIsInZpZXctYWRtaW4iLCJtYW5hZ2UtdGVuYW50LWNvbm5lY3Rpdml0eSIsIm1hbmFnZS1zaXRlLWFkbWluIiwibWFuYWdlLXNpdGUtcG9saWN5IiwibWFuYWdlLWFhYSIsIm1hbmFnZS1hZG1pbiIsIm1hbmFnZS1jb25maWctbWFuYWdlciJdLCJyYmFjIjpbXSwidXNlcmZsYWdzIjowLCJzZXNzaW9uaWQiOiIxMjQ1IiwidXNlcmlkIjoyNTAwMn0.zQBxyXJDElEfECaI88y8m5W5RdUBvCyCfYXCgM8fL9E","permissions":["view-site-admin","view-site-policy","view-tenant-connectivity","view-aaa","view-config-manager","view-admin","manage-tenant-connectivity","manage-site-admin","manage-site-policy","manage-aaa","manage-admin","manage-config-manager"],"message":""}
2021-08-28T13:02:02.478-0700 [DEBUG] provider.terraform-provider-mso_v0.2.1: 2021/08/28 13:02:02 [DEBUG] Exit from do method
2021-08-28T13:02:02.478-0700 [DEBUG] provider.terraform-provider-mso_v0.2.1: 2021/08/28 13:02:02 HTTP request after injection GET api/v1/sites
2021-08-28T13:02:02.478-0700 [DEBUG] provider.terraform-provider-mso_v0.2.1: 2021/08/28 13:02:02 [DEBUG] Begining DO method https://10.88.36.44/api/v1/sites
2021-08-28T13:02:02.502-0700 [DEBUG] provider.terraform-provider-mso_v0.2.1: 2021/08/28 13:02:02 
2021-08-28T13:02:02.502-0700 [DEBUG] provider.terraform-provider-mso_v0.2.1: HTTP Request: POST https://10.88.36.44/api/v1/auth/login
2021-08-28T13:02:02.502-0700 [DEBUG] provider.terraform-provider-mso_v0.2.1: 2021/08/28 13:02:02 nHTTP Response: 201 201 Created &{201 Created 201 HTTP/1.1 1 1 map[Cache-Control:[no-cache] Connection:[keep-alive] Content-Language:[en] Content-Length:[1005] Content-Type:[application/json] Date:[Sat, 28 Aug 2021 20:01:56 GMT] Expires:[Thu, 01 Jan 1970 00:00:01 GMT] Server:[nginx] Strict-Transport-Security:[max-age=31536000; includeSubDomains] X-Content-Type-Options:[nosniff] X-Frame-Options:[SAMEORIGIN] X-Xss-Protection:[1; mode=block]] 0xc0000a4540 1005 [] false false map[] 0xc000474500 0xc000644000}
2021-08-28T13:02:02.502-0700 [DEBUG] provider.terraform-provider-mso_v0.2.1: 2021/08/28 13:02:02 
2021-08-28T13:02:02.502-0700 [DEBUG] provider.terraform-provider-mso_v0.2.1:  HTTP response unique string POST https://10.88.36.44/api/v1/auth/login {"userId":"0000ffff0000000000000020","needsPasswordUpdate":false,"token":"eyJ0eXAiOiJKV1QiLCJhbGciOiJIUzI1NiJ9.eyJleHAiOjE2MzAxODIxMTYsImlhdCI6MTYzMDE4MDkxNiwiaXNzIjoiZGI5Yzc3YzY1NjA1NDBjZjk1NzE4ZmE1MTBiMzE0OGUiLCJtc29Vc2VySWQiOiIwMDAwZmZmZjAwMDAwMDAwMDAwMDAwMjAiLCJ1c2VybmFtZSI6ImFkbWluIiwicGVybWlzc2lvbnMiOlsidmlldy1zaXRlLWFkbWluIiwidmlldy1zaXRlLXBvbGljeSIsInZpZXctdGVuYW50LWNvbm5lY3Rpdml0eSIsInZpZXctYWFhIiwidmlldy1jb25maWctbWFuYWdlciIsInZpZXctYWRtaW4iLCJtYW5hZ2UtdGVuYW50LWNvbm5lY3Rpdml0eSIsIm1hbmFnZS1zaXRlLWFkbWluIiwibWFuYWdlLXNpdGUtcG9saWN5IiwibWFuYWdlLWFhYSIsIm1hbmFnZS1hZG1pbiIsIm1hbmFnZS1jb25maWctbWFuYWdlciJdLCJyYmFjIjpbXSwidXNlcmZsYWdzIjowLCJzZXNzaW9uaWQiOiIxMjQ1IiwidXNlcmlkIjoyNTAwMn0.lgyG65nxVfpcrpJj3488yXtENnJ2SRAxYtX24Y9iJzI","permissions":["view-site-admin","view-site-policy","view-tenant-connectivity","view-aaa","view-config-manager","view-admin","manage-tenant-connectivity","manage-site-admin","manage-site-policy","manage-aaa","manage-admin","manage-config-manager"],"message":""}
2021-08-28T13:02:02.502-0700 [DEBUG] provider.terraform-provider-mso_v0.2.1: 2021/08/28 13:02:02 [DEBUG] Exit from do method
2021-08-28T13:02:02.502-0700 [DEBUG] provider.terraform-provider-mso_v0.2.1: 2021/08/28 13:02:02 HTTP request after injection GET api/v1/sites
2021-08-28T13:02:02.502-0700 [DEBUG] provider.terraform-provider-mso_v0.2.1: 2021/08/28 13:02:02 [DEBUG] Begining DO method https://10.88.36.44/api/v1/sites
2021-08-28T13:02:02.508-0700 [DEBUG] provider.terraform-provider-mso_v0.2.1: 2021/08/28 13:02:02 
2021-08-28T13:02:02.509-0700 [DEBUG] provider.terraform-provider-mso_v0.2.1: HTTP Request: POST https://10.88.36.44/api/v1/auth/login
2021-08-28T13:02:02.509-0700 [DEBUG] provider.terraform-provider-mso_v0.2.1: 2021/08/28 13:02:02 nHTTP Response: 201 201 Created &{201 Created 201 HTTP/1.1 1 1 map[Cache-Control:[no-cache] Connection:[keep-alive] Content-Language:[en] Content-Length:[1005] Content-Type:[application/json] Date:[Sat, 28 Aug 2021 20:01:56 GMT] Expires:[Thu, 01 Jan 1970 00:00:01 GMT] Server:[nginx] Strict-Transport-Security:[max-age=31536000; includeSubDomains] X-Content-Type-Options:[nosniff] X-Frame-Options:[SAMEORIGIN] X-Xss-Protection:[1; mode=block]] 0xc000922040 1005 [] false false map[] 0xc00014c500 0xc000449970}
2021-08-28T13:02:02.509-0700 [DEBUG] provider.terraform-provider-mso_v0.2.1: 2021/08/28 13:02:02 
2021-08-28T13:02:02.509-0700 [DEBUG] provider.terraform-provider-mso_v0.2.1:  HTTP response unique string POST https://10.88.36.44/api/v1/auth/login {"userId":"0000ffff0000000000000020","needsPasswordUpdate":false,"token":"eyJ0eXAiOiJKV1QiLCJhbGciOiJIUzI1NiJ9.eyJleHAiOjE2MzAxODIxMTYsImlhdCI6MTYzMDE4MDkxNiwiaXNzIjoiNjU5YjcwYzQ5MjJjNDgyYWI5NzI4MWEwZTVjNDgzMDAiLCJtc29Vc2VySWQiOiIwMDAwZmZmZjAwMDAwMDAwMDAwMDAwMjAiLCJ1c2VybmFtZSI6ImFkbWluIiwicGVybWlzc2lvbnMiOlsidmlldy1zaXRlLWFkbWluIiwidmlldy1zaXRlLXBvbGljeSIsInZpZXctdGVuYW50LWNvbm5lY3Rpdml0eSIsInZpZXctYWFhIiwidmlldy1jb25maWctbWFuYWdlciIsInZpZXctYWRtaW4iLCJtYW5hZ2UtdGVuYW50LWNvbm5lY3Rpdml0eSIsIm1hbmFnZS1zaXRlLWFkbWluIiwibWFuYWdlLXNpdGUtcG9saWN5IiwibWFuYWdlLWFhYSIsIm1hbmFnZS1hZG1pbiIsIm1hbmFnZS1jb25maWctbWFuYWdlciJdLCJyYmFjIjpbXSwidXNlcmZsYWdzIjowLCJzZXNzaW9uaWQiOiIxMjQ1IiwidXNlcmlkIjoyNTAwMn0.6QnXlGaazM7PguJ1O5NBK_qcHdSwz2uz_BYkPc9I3w8","permissions":["view-site-admin","view-site-policy","view-tenant-connectivity","view-aaa","view-config-manager","view-admin","manage-tenant-connectivity","manage-site-admin","manage-site-policy","manage-aaa","manage-admin","manage-config-manager"],"message":""}
2021-08-28T13:02:02.509-0700 [DEBUG] provider.terraform-provider-mso_v0.2.1: 2021/08/28 13:02:02 [DEBUG] Exit from do method
2021-08-28T13:02:02.509-0700 [DEBUG] provider.terraform-provider-mso_v0.2.1: 2021/08/28 13:02:02 HTTP request after injection GET api/v1/schemas
2021-08-28T13:02:02.509-0700 [DEBUG] provider.terraform-provider-mso_v0.2.1: 2021/08/28 13:02:02 [DEBUG] Begining DO method https://10.88.36.44/api/v1/schemas
2021-08-28T13:02:02.572-0700 [DEBUG] provider.terraform-provider-mso_v0.2.1: 2021/08/28 13:02:02 
2021-08-28T13:02:02.572-0700 [DEBUG] provider.terraform-provider-mso_v0.2.1: HTTP Request: GET https://10.88.36.44/api/v1/tenants
2021-08-28T13:02:02.572-0700 [DEBUG] provider.terraform-provider-mso_v0.2.1: 2021/08/28 13:02:02 nHTTP Response: 200 200 OK &{200 OK 200 HTTP/1.1 1 1 map[Cache-Control:[no-cache] Connection:[keep-alive] Content-Language:[en] Content-Length:[1620] Content-Type:[application/json] Date:[Sat, 28 Aug 2021 20:01:56 GMT] Expires:[Thu, 01 Jan 1970 00:00:01 GMT] Server:[nginx] Strict-Transport-Security:[max-age=31536000; includeSubDomains] X-Content-Type-Options:[nosniff] X-Frame-Options:[SAMEORIGIN] X-Xss-Protection:[1; mode=block]] 0xc000922100 1620 [] false false map[] 0xc000474200 0xc0000bd290}
2021-08-28T13:02:02.572-0700 [DEBUG] provider.terraform-provider-mso_v0.2.1: 2021/08/28 13:02:02 
2021-08-28T13:02:02.572-0700 [DEBUG] provider.terraform-provider-mso_v0.2.1:  HTTP response unique string GET https://10.88.36.44/api/v1/tenants {"tenants":[{"id":"0000ffff0000000000000010","name":"common","displayName":"common","siteAssociations":[{"siteId":"6112ba880401001801d79f31","securityDomains":[],"cloudAccount":null,"azureAccount":null,"awsAccount":null,"gatewayRouter":null},{"siteId":"6112bb1e0401003c01d79f32","securityDomains":[],"cloudAccount":null,"azureAccount":null,"awsAccount":null,"gatewayRouter":null}],"userAssociations":[{"userId":"0000ffff0000000000000020"}],"description":"Common tenant for use with all other tenants","_updateVersion":0,"_versionDefaulted":false},{"id":"0000ffff0000000000000011","name":"infra","displayName":"infra","siteAssociations":[{"siteId":"6112ba880401001801d79f31","securityDomains":[],"cloudAccount":null,"azureAccount":null,"awsAccount":null,"gatewayRouter":null},{"siteId":"6112bb1e0401003c01d79f32","securityDomains":[],"cloudAccount":null,"azureAccount":null,"awsAccount":null,"gatewayRouter":null}],"userAssociations":[{"userId":"0000ffff0000000000000020"}],"description":"Infra tenant for use with all other tenants","_updateVersion":0,"_versionDefaulted":false},{"id":"612a837e630000d6d34bf296","name":"tenant_terraform_T01","displayName":"tenant_terraform_T01","siteAssociations":[{"siteId":"6112ba880401001801d79f31","securityDomains":[],"cloudAccount":null,"azureAccount":null,"awsAccount":null,"gatewayRouter":null},{"siteId":"6112bb1e0401003c01d79f32","securityDomains":[],"cloudAccount":null,"azureAccount":null,"awsAccount":null,"gatewayRouter":null}],"userAssociations":[{"userId":"6112c6ad8f00006901765a24"},{"userId":"0000ffff0000000000000020"}],"_updateVersion":0,"_versionDefaulted":false}]}
2021-08-28T13:02:02.572-0700 [DEBUG] provider.terraform-provider-mso_v0.2.1: 2021/08/28 13:02:02 [DEBUG] Exit from do method
2021-08-28T13:02:02.572-0700 [DEBUG] provider.terraform-provider-mso_v0.2.1: 2021/08/28 13:02:02 [DEBUG] 612a837e630000d6d34bf296: Read finished successfully
2021-08-28T13:02:02.586-0700 [DEBUG] provider.terraform-provider-mso_v0.2.1: 2021/08/28 13:02:02 
2021-08-28T13:02:02.586-0700 [DEBUG] provider.terraform-provider-mso_v0.2.1: HTTP Request: GET https://10.88.36.44/api/v1/sites
2021-08-28T13:02:02.586-0700 [DEBUG] provider.terraform-provider-mso_v0.2.1: 2021/08/28 13:02:02 nHTTP Response: 200 200 OK &{200 OK 200 HTTP/1.1 1 1 map[Cache-Control:[no-cache] Connection:[keep-alive] Content-Language:[en] Content-Length:[743] Content-Type:[application/json] Date:[Sat, 28 Aug 2021 20:01:56 GMT] Expires:[Thu, 01 Jan 1970 00:00:01 GMT] Server:[nginx] Strict-Transport-Security:[max-age=31536000; includeSubDomains] X-Content-Type-Options:[nosniff] X-Frame-Options:[SAMEORIGIN] X-Xss-Protection:[1; mode=block]] 0xc0009a01c0 743 [] false false map[] 0xc0005b4200 0xc000449760}
2021-08-28T13:02:02.586-0700 [DEBUG] provider.terraform-provider-mso_v0.2.1: 2021/08/28 13:02:02 
2021-08-28T13:02:02.586-0700 [DEBUG] provider.terraform-provider-mso_v0.2.1:  HTTP response unique string GET https://10.88.36.44/api/v1/sites {"sites":[{"id":"6112ba880401001801d79f31","name":"SanFrancisco","urls":["https://10.88.36.23"],"username":"damcfarl","password":"******","apicSiteId":"1","labels":[],"location":{"long":-122.55441429276362,"lat":39.20492389969007},"passwordEncryptionStatus":true,"platform":"on-premise","apicVersion":"5.2(1g)","maintenanceMode":false,"_updateVersion":3,"_versionDefaulted":false},{"id":"6112bb1e0401003c01d79f32","name":"NewYork","urls":["https://10.88.36.21"],"username":"admin","password":"******","apicSiteId":"2","labels":[],"location":{"long":-76.03688340807176,"lat":39.1220714631392},"passwordEncryptionStatus":true,"platform":"on-premise","apicVersion":"5.2(1g)","maintenanceMode":false,"_updateVersion":2,"_versionDefaulted":false}]}
2021-08-28T13:02:02.586-0700 [DEBUG] provider.terraform-provider-mso_v0.2.1: 2021/08/28 13:02:02 [DEBUG] Exit from do method
2021-08-28T13:02:02.586-0700 [DEBUG] provider.terraform-provider-mso_v0.2.1: 2021/08/28 13:02:02 [DEBUG] 6112bb1e0401003c01d79f32: Read finished successfully
2021-08-28T13:02:02.593-0700 [DEBUG] provider.terraform-provider-mso_v0.2.1: 2021/08/28 13:02:02 
2021-08-28T13:02:02.593-0700 [DEBUG] provider.terraform-provider-mso_v0.2.1: HTTP Request: GET https://10.88.36.44/api/v1/sites
2021-08-28T13:02:02.593-0700 [DEBUG] provider.terraform-provider-mso_v0.2.1: 2021/08/28 13:02:02 nHTTP Response: 200 200 OK &{200 OK 200 HTTP/1.1 1 1 map[Cache-Control:[no-cache] Connection:[keep-alive] Content-Language:[en] Content-Length:[743] Content-Type:[application/json] Date:[Sat, 28 Aug 2021 20:01:56 GMT] Expires:[Thu, 01 Jan 1970 00:00:01 GMT] Server:[nginx] Strict-Transport-Security:[max-age=31536000; includeSubDomains] X-Content-Type-Options:[nosniff] X-Frame-Options:[SAMEORIGIN] X-Xss-Protection:[1; mode=block]] 0xc0009a0780 743 [] false false map[] 0xc000474000 0xc000644000}
2021-08-28T13:02:02.593-0700 [DEBUG] provider.terraform-provider-mso_v0.2.1: 2021/08/28 13:02:02 
2021-08-28T13:02:02.593-0700 [DEBUG] provider.terraform-provider-mso_v0.2.1:  HTTP response unique string GET https://10.88.36.44/api/v1/sites {"sites":[{"id":"6112ba880401001801d79f31","name":"SanFrancisco","urls":["https://10.88.36.23"],"username":"damcfarl","password":"******","apicSiteId":"1","labels":[],"location":{"long":-122.55441429276362,"lat":39.20492389969007},"passwordEncryptionStatus":true,"platform":"on-premise","apicVersion":"5.2(1g)","maintenanceMode":false,"_updateVersion":3,"_versionDefaulted":false},{"id":"6112bb1e0401003c01d79f32","name":"NewYork","urls":["https://10.88.36.21"],"username":"admin","password":"******","apicSiteId":"2","labels":[],"location":{"long":-76.03688340807176,"lat":39.1220714631392},"passwordEncryptionStatus":true,"platform":"on-premise","apicVersion":"5.2(1g)","maintenanceMode":false,"_updateVersion":2,"_versionDefaulted":false}]}
2021-08-28T13:02:02.593-0700 [DEBUG] provider.terraform-provider-mso_v0.2.1: 2021/08/28 13:02:02 [DEBUG] Exit from do method
2021-08-28T13:02:02.593-0700 [DEBUG] provider.terraform-provider-mso_v0.2.1: 2021/08/28 13:02:02 [DEBUG] 6112ba880401001801d79f31: Read finished successfully
2021-08-28T13:02:02.596-0700 [DEBUG] provider.terraform-provider-mso_v0.2.1: 2021/08/28 13:02:02 
2021-08-28T13:02:02.596-0700 [DEBUG] provider.terraform-provider-mso_v0.2.1: HTTP Request: GET https://10.88.36.44/api/v1/schemas
2021-08-28T13:02:02.596-0700 [DEBUG] provider.terraform-provider-mso_v0.2.1: 2021/08/28 13:02:02 nHTTP Response: 200 200 OK &{200 OK 200 HTTP/1.1 1 1 map[Cache-Control:[no-cache] Connection:[keep-alive] Content-Language:[en] Content-Length:[3193] Content-Type:[application/json] Date:[Sat, 28 Aug 2021 20:01:56 GMT] Expires:[Thu, 01 Jan 1970 00:00:01 GMT] Server:[nginx] Strict-Transport-Security:[max-age=31536000; includeSubDomains] X-Content-Type-Options:[nosniff] X-Frame-Options:[SAMEORIGIN] X-Xss-Protection:[1; mode=block]] 0xc0009a0800 3193 [] false false map[] 0xc00014c400 0xc000449970}
2021-08-28T13:02:02.596-0700 [DEBUG] provider.terraform-provider-mso_v0.2.1: 2021/08/28 13:02:02 
2021-08-28T13:02:02.596-0700 [DEBUG] provider.terraform-provider-mso_v0.2.1:  HTTP response unique string GET https://10.88.36.44/api/v1/schemas {"schemas":[{"id":"612a90b96300004fd74bf29e","displayName":"terraform_schema","description":"","templates":[{"name":"terraform_template","displayName":"terraform_template","tenantId":"612a837e630000d6d34bf296","anps":[{"name":"Terraform_App","displayName":"Terraform_App","anpRef":"/schemas/612a90b96300004fd74bf29e/templates/terraform_template/anps/Terraform_App","epgs":[{"name":"Terraform_Web","displayName":"Terraform_Web","epgRef":"/schemas/612a90b96300004fd74bf29e/templates/terraform_template/anps/Terraform_App/epgs/Terraform_Web","contractRelationships":[{"relationshipType":"provider","contractRef":"/schemas/612a90b96300004fd74bf29e/templates/terraform_template/contracts/Internet-to-Web"}],"subnets":[],"uSegEpg":false,"uSegAttrs":[],"intraEpg":"unenforced","prio":"unspecified","proxyArp":false,"mCastSource":false,"preferredGroup":false,"bdRef":"/schemas/612a90b96300004fd74bf29e/templates/terraform_template/bds/prod_bd","vrfRef":"/schemas/612a90b96300004fd74bf29e/templates/terraform_template/vrfs/prod_vrf","selectors":[]}]}],"vrfs":[{"name":"prod_vrf","displayName":"prod_vrf","vrfRef":"/schemas/612a90b96300004fd74bf29e/templates/terraform_template/vrfs/prod_vrf","l3MCast":false,"preferredGroup":false,"vzAnyEnabled":false,"vzAnyProviderContracts":[],"vzAnyConsumerContracts":[],"rpConfigs":[],"pcEnfPref":"enforced","ipDataPlaneLearning":"enabled"}],"bds":[{"name":"prod_bd","displayName":"prod_bd","bdRef":"/schemas/612a90b96300004fd74bf29e/templates/terraform_template/bds/prod_bd","l2UnknownUnicast":"proxy","intersiteBumTrafficAllow":false,"optimizeWanBandwidth":false,"l2Stretch":true,"subnets":[],"vrfRef":"/schemas/612a90b96300004fd74bf29e/templates/terraform_template/vrfs/prod_vrf","unkMcastAct":"flood","v6unkMcastAct":"flood","arpFlood":false,"multiDstPktAct":"bd-flood","dhcpLabels":[],"unicastRouting":true}],"contracts":[{"name":"Internet-to-Web","displayName":"Internet-to-Web","contractRef":"/schemas/612a90b96300004fd74bf29e/templates/terraform_template/contracts/Internet-to-Web","filterRelationships":[{"filterRef":"/schemas/612a90b96300004fd74bf29e/templates/terraform_template/filters/HTTP","directives":["none"],"action":"permit","priorityOverride":"default"}],"scope":"context","filterType":"bothWay","filterRelationshipsProviderToConsumer":[],"filterRelationshipsConsumerToProvider":[]}],"filters":[{"name":"HTTP","displayName":"HTTP","filterRef":"/schemas/612a90b96300004fd74bf29e/templates/terraform_template/filters/HTTP","entries":[{"name":"HTTP","displayName":"HTTP","etherType":"ip","arpFlag":"unspecified","ipProtocol":"tcp","matchOnlyFragments":false,"stateful":false,"sourceFrom":"unspecified","sourceTo":"unspecified","destinationFrom":"http","destinationTo":"http","tcpSessionRules":["unspecified"]},{"name":"HTTPs","displayName":"HTTPs","description":"","etherType":"ip","arpFlag":"unspecified","ipProtocol":"tcp","matchOnlyFragments":false,"stateful":false,"sourceFrom":"unspecified","sourceTo":"unspecified","destinationFrom":"https","destinationTo":"https","tcpSessionRules":["unspecified"]}]}],"externalEpgs":[],"serviceGraphs":[],"intersiteL3outs":[],"templateType":"stretched-template","templateSubType":[]}],"_updateVersion":1}]}
2021-08-28T13:02:02.597-0700 [DEBUG] provider.terraform-provider-mso_v0.2.1: 2021/08/28 13:02:02 [DEBUG] Exit from do method
2021-08-28T13:02:02.597-0700 [DEBUG] provider.terraform-provider-mso_v0.2.1: 2021/08/28 13:02:02 [DEBUG] 612a90b96300004fd74bf29e: Read finished successfully
2021-08-28T13:02:02.598-0700 [DEBUG] Resource instance state not found for node "mso_schema_site.schema_site1_obj", instance mso_schema_site.schema_site1_obj
2021-08-28T13:02:02.598-0700 [INFO]  ReferenceTransformer: reference not found: "var.template_name"
2021-08-28T13:02:02.598-0700 [DEBUG] ReferenceTransformer: "mso_schema_site.schema_site1_obj" references: []
2021-08-28T13:02:02.599-0700 [DEBUG] Resource instance state not found for node "mso_schema_site.schema_site2_obj", instance mso_schema_site.schema_site2_obj
2021-08-28T13:02:02.599-0700 [INFO]  ReferenceTransformer: reference not found: "var.template_name"
2021-08-28T13:02:02.599-0700 [DEBUG] ReferenceTransformer: "mso_schema_site.schema_site2_obj" references: []
2021-08-28T13:02:02.599-0700 [DEBUG] refresh: mso_schema_site.schema_site1_obj: no state, so not refreshing
2021-08-28T13:02:02.600-0700 [DEBUG] refresh: mso_schema_site.schema_site2_obj: no state, so not refreshing
2021-08-28T13:02:02.602-0700 [DEBUG] provider.stdio: received EOF, stopping recv loop: err="rpc error: code = Unavailable desc = transport is closing"
2021-08-28T13:02:02.604-0700 [DEBUG] provider: plugin process exited: path=.terraform/providers/registry.terraform.io/ciscodevnet/mso/0.2.1/darwin_amd64/terraform-provider-mso_v0.2.1 pid=38968
2021-08-28T13:02:02.605-0700 [DEBUG] provider: plugin exited
2021-08-28T13:02:02.605-0700 [INFO]  backend/local: apply calling Apply
2021-08-28T13:02:02.605-0700 [INFO]  terraform: building graph: GraphTypeApply
2021-08-28T13:02:02.606-0700 [DEBUG] Resource state not found for node "mso_schema_site.schema_site1_obj", instance mso_schema_site.schema_site1_obj
2021-08-28T13:02:02.606-0700 [DEBUG] Resource state not found for node "mso_schema_site.schema_site2_obj", instance mso_schema_site.schema_site2_obj
2021-08-28T13:02:02.607-0700 [DEBUG] ProviderTransformer: "data.mso_tenant.tenant_obj (expand)" (*terraform.nodeExpandApplyableResource) needs provider["registry.terraform.io/ciscodevnet/mso"]
2021-08-28T13:02:02.607-0700 [DEBUG] ProviderTransformer: "data.mso_schema.schema_obj (expand)" (*terraform.nodeExpandApplyableResource) needs provider["registry.terraform.io/ciscodevnet/mso"]
2021-08-28T13:02:02.607-0700 [DEBUG] ProviderTransformer: "data.mso_site.site2_obj (expand)" (*terraform.nodeExpandApplyableResource) needs provider["registry.terraform.io/ciscodevnet/mso"]
2021-08-28T13:02:02.607-0700 [DEBUG] ProviderTransformer: "mso_schema_site.schema_site2_obj" (*terraform.NodeApplyableResourceInstance) needs provider["registry.terraform.io/ciscodevnet/mso"]
2021-08-28T13:02:02.607-0700 [DEBUG] ProviderTransformer: "mso_schema_site.schema_site1_obj" (*terraform.NodeApplyableResourceInstance) needs provider["registry.terraform.io/ciscodevnet/mso"]
2021-08-28T13:02:02.607-0700 [DEBUG] ProviderTransformer: "mso_schema_site.schema_site2_obj (expand)" (*terraform.nodeExpandApplyableResource) needs provider["registry.terraform.io/ciscodevnet/mso"]
2021-08-28T13:02:02.607-0700 [DEBUG] ProviderTransformer: "data.mso_site.site1_obj (expand)" (*terraform.nodeExpandApplyableResource) needs provider["registry.terraform.io/ciscodevnet/mso"]
2021-08-28T13:02:02.607-0700 [DEBUG] ProviderTransformer: "mso_schema_site.schema_site1_obj (expand)" (*terraform.nodeExpandApplyableResource) needs provider["registry.terraform.io/ciscodevnet/mso"]
2021-08-28T13:02:02.608-0700 [DEBUG] ReferenceTransformer: "data.mso_site.site2_obj (expand)" references: []
2021-08-28T13:02:02.608-0700 [DEBUG] ReferenceTransformer: "mso_schema_site.schema_site2_obj" references: [data.mso_schema.schema_obj (expand) data.mso_site.site2_obj (expand) var.template_name]
2021-08-28T13:02:02.608-0700 [DEBUG] ReferenceTransformer: "var.tenant_name" references: []
2021-08-28T13:02:02.608-0700 [DEBUG] ReferenceTransformer: "var.schema" references: []
2021-08-28T13:02:02.608-0700 [DEBUG] ReferenceTransformer: "var.mso_url" references: []
2021-08-28T13:02:02.608-0700 [DEBUG] ReferenceTransformer: "mso_schema_site.schema_site1_obj" references: [data.mso_schema.schema_obj (expand) data.mso_site.site1_obj (expand) var.template_name]
2021-08-28T13:02:02.608-0700 [DEBUG] ReferenceTransformer: "mso_schema_site.schema_site2_obj (expand)" references: []
2021-08-28T13:02:02.608-0700 [DEBUG] ReferenceTransformer: "data.mso_site.site1_obj (expand)" references: []
2021-08-28T13:02:02.608-0700 [DEBUG] ReferenceTransformer: "var.site2_name" references: []
2021-08-28T13:02:02.608-0700 [DEBUG] ReferenceTransformer: "var.template_name" references: []
2021-08-28T13:02:02.608-0700 [DEBUG] ReferenceTransformer: "var.bd" references: []
2021-08-28T13:02:02.608-0700 [DEBUG] ReferenceTransformer: "provider[\"registry.terraform.io/ciscodevnet/mso\"]" references: [var.mso_url var.mso_username var.mso_password]
2021-08-28T13:02:02.608-0700 [DEBUG] ReferenceTransformer: "mso_schema_site.schema_site1_obj (expand)" references: []
2021-08-28T13:02:02.608-0700 [DEBUG] ReferenceTransformer: "data.mso_tenant.tenant_obj (expand)" references: []
2021-08-28T13:02:02.608-0700 [DEBUG] ReferenceTransformer: "data.mso_schema.schema_obj (expand)" references: []
2021-08-28T13:02:02.609-0700 [DEBUG] ReferenceTransformer: "var.vrf" references: []
2021-08-28T13:02:02.609-0700 [DEBUG] ReferenceTransformer: "var.mso_username" references: []
2021-08-28T13:02:02.609-0700 [DEBUG] ReferenceTransformer: "var.mso_password" references: []
2021-08-28T13:02:02.609-0700 [DEBUG] ReferenceTransformer: "var.site1_name" references: []
2021-08-28T13:02:02.609-0700 [DEBUG] pruneUnusedNodes: data.mso_tenant.tenant_obj (expand) is no longer needed, removing
2021-08-28T13:02:02.610-0700 [DEBUG] Starting graph walk: walkApply
2021-08-28T13:02:02.611-0700 [DEBUG] created provider logger: level=debug
2021-08-28T13:02:02.611-0700 [INFO]  provider: configuring client automatic mTLS
2021-08-28T13:02:02.650-0700 [DEBUG] provider: starting plugin: path=.terraform/providers/registry.terraform.io/ciscodevnet/mso/0.2.1/darwin_amd64/terraform-provider-mso_v0.2.1 args=[.terraform/providers/registry.terraform.io/ciscodevnet/mso/0.2.1/darwin_amd64/terraform-provider-mso_v0.2.1]
2021-08-28T13:02:02.655-0700 [DEBUG] provider: plugin started: path=.terraform/providers/registry.terraform.io/ciscodevnet/mso/0.2.1/darwin_amd64/terraform-provider-mso_v0.2.1 pid=38969
2021-08-28T13:02:02.655-0700 [DEBUG] provider: waiting for RPC address: path=.terraform/providers/registry.terraform.io/ciscodevnet/mso/0.2.1/darwin_amd64/terraform-provider-mso_v0.2.1
2021-08-28T13:02:02.669-0700 [INFO]  provider.terraform-provider-mso_v0.2.1: configuring server automatic mTLS: timestamp=2021-08-28T13:02:02.669-0700
2021-08-28T13:02:02.699-0700 [DEBUG] provider: using plugin: version=5
2021-08-28T13:02:02.700-0700 [DEBUG] provider.terraform-provider-mso_v0.2.1: plugin address: address=/var/folders/l2/75kplhsd2z32jqs2nw0p5m100000gn/T/plugin284060852 network=unix timestamp=2021-08-28T13:02:02.699-0700
2021-08-28T13:02:02.758-0700 [DEBUG] No provider meta schema returned
2021-08-28T13:02:02.769-0700 [INFO]  Starting apply for mso_schema_site.schema_site2_obj
2021-08-28T13:02:02.769-0700 [INFO]  Starting apply for mso_schema_site.schema_site1_obj
2021-08-28T13:02:02.769-0700 [DEBUG] mso_schema_site.schema_site2_obj: applying the planned Create change
2021-08-28T13:02:02.769-0700 [DEBUG] mso_schema_site.schema_site1_obj: applying the planned Create change
2021-08-28T13:02:02.770-0700 [DEBUG] provider.terraform-provider-mso_v0.2.1: 2021/08/28 13:02:02 HTTP request PATCH api/v1/schemas/612a90b96300004fd74bf29e
2021-08-28T13:02:02.770-0700 [DEBUG] provider.terraform-provider-mso_v0.2.1: 2021/08/28 13:02:02 [DEBUG] Begin Injection
2021-08-28T13:02:02.770-0700 [DEBUG] provider.terraform-provider-mso_v0.2.1: 2021/08/28 13:02:02 HTTP request PATCH api/v1/schemas/612a90b96300004fd74bf29e
2021-08-28T13:02:02.770-0700 [DEBUG] provider.terraform-provider-mso_v0.2.1: 2021/08/28 13:02:02 [DEBUG] Begin Injection
2021-08-28T13:02:02.770-0700 [DEBUG] provider.terraform-provider-mso_v0.2.1: 2021/08/28 13:02:02 HTTP request POST /api/v1/auth/login
2021-08-28T13:02:02.770-0700 [DEBUG] provider.terraform-provider-mso_v0.2.1: 2021/08/28 13:02:02 HTTP request after injection POST /api/v1/auth/login
2021-08-28T13:02:02.770-0700 [DEBUG] provider.terraform-provider-mso_v0.2.1: 2021/08/28 13:02:02 [DEBUG] Begining DO method https://10.88.36.44/api/v1/auth/login
2021-08-28T13:02:02.770-0700 [DEBUG] provider.terraform-provider-mso_v0.2.1: 2021/08/28 13:02:02 HTTP request POST /api/v1/auth/login
2021-08-28T13:02:02.770-0700 [DEBUG] provider.terraform-provider-mso_v0.2.1: 2021/08/28 13:02:02 HTTP request after injection POST /api/v1/auth/login
2021-08-28T13:02:02.770-0700 [DEBUG] provider.terraform-provider-mso_v0.2.1: 2021/08/28 13:02:02 [DEBUG] Begining DO method https://10.88.36.44/api/v1/auth/login
2021-08-28T13:02:03.310-0700 [DEBUG] provider.terraform-provider-mso_v0.2.1: 2021/08/28 13:02:03 
2021-08-28T13:02:03.310-0700 [DEBUG] provider.terraform-provider-mso_v0.2.1: HTTP Request: POST https://10.88.36.44/api/v1/auth/login
2021-08-28T13:02:03.310-0700 [DEBUG] provider.terraform-provider-mso_v0.2.1: 2021/08/28 13:02:03 nHTTP Response: 201 201 Created &{201 Created 201 HTTP/1.1 1 1 map[Cache-Control:[no-cache] Connection:[keep-alive] Content-Language:[en] Content-Length:[1005] Content-Type:[application/json] Date:[Sat, 28 Aug 2021 20:01:57 GMT] Expires:[Thu, 01 Jan 1970 00:00:01 GMT] Server:[nginx] Strict-Transport-Security:[max-age=31536000; includeSubDomains] X-Content-Type-Options:[nosniff] X-Frame-Options:[SAMEORIGIN] X-Xss-Protection:[1; mode=block]] 0xc0000a20c0 1005 [] false false map[] 0xc00001a200 0xc00011d290}
2021-08-28T13:02:03.310-0700 [DEBUG] provider.terraform-provider-mso_v0.2.1: 2021/08/28 13:02:03 
2021-08-28T13:02:03.310-0700 [DEBUG] provider.terraform-provider-mso_v0.2.1:  HTTP response unique string POST https://10.88.36.44/api/v1/auth/login {"userId":"0000ffff0000000000000020","needsPasswordUpdate":false,"token":"eyJ0eXAiOiJKV1QiLCJhbGciOiJIUzI1NiJ9.eyJleHAiOjE2MzAxODIxMTcsImlhdCI6MTYzMDE4MDkxNywiaXNzIjoiZTVhOWQyZmY0NzQ2NDQ0YzhmNTI5NjE5ZmFkZTU4ZTciLCJtc29Vc2VySWQiOiIwMDAwZmZmZjAwMDAwMDAwMDAwMDAwMjAiLCJ1c2VybmFtZSI6ImFkbWluIiwicGVybWlzc2lvbnMiOlsidmlldy1zaXRlLWFkbWluIiwidmlldy1zaXRlLXBvbGljeSIsInZpZXctdGVuYW50LWNvbm5lY3Rpdml0eSIsInZpZXctYWFhIiwidmlldy1jb25maWctbWFuYWdlciIsInZpZXctYWRtaW4iLCJtYW5hZ2UtdGVuYW50LWNvbm5lY3Rpdml0eSIsIm1hbmFnZS1zaXRlLWFkbWluIiwibWFuYWdlLXNpdGUtcG9saWN5IiwibWFuYWdlLWFhYSIsIm1hbmFnZS1hZG1pbiIsIm1hbmFnZS1jb25maWctbWFuYWdlciJdLCJyYmFjIjpbXSwidXNlcmZsYWdzIjowLCJzZXNzaW9uaWQiOiIxMjQ1IiwidXNlcmlkIjoyNTAwMn0.ve5GXoUGPAN3I_1NNRQlhrsNcxTLausPHQJttEq9v4s","permissions":["view-site-admin","view-site-policy","view-tenant-connectivity","view-aaa","view-config-manager","view-admin","manage-tenant-connectivity","manage-site-admin","manage-site-policy","manage-aaa","manage-admin","manage-config-manager"],"message":""}
2021-08-28T13:02:03.310-0700 [DEBUG] provider.terraform-provider-mso_v0.2.1: 2021/08/28 13:02:03 [DEBUG] Exit from do method
2021-08-28T13:02:03.310-0700 [DEBUG] provider.terraform-provider-mso_v0.2.1: 2021/08/28 13:02:03 HTTP request after injection PATCH api/v1/schemas/612a90b96300004fd74bf29e
2021-08-28T13:02:03.310-0700 [DEBUG] provider.terraform-provider-mso_v0.2.1: 2021/08/28 13:02:03 [DEBUG] Begining DO method https://10.88.36.44/api/v1/schemas/612a90b96300004fd74bf29e
2021-08-28T13:02:03.326-0700 [DEBUG] provider.terraform-provider-mso_v0.2.1: 2021/08/28 13:02:03 
2021-08-28T13:02:03.326-0700 [DEBUG] provider.terraform-provider-mso_v0.2.1: HTTP Request: POST https://10.88.36.44/api/v1/auth/login
2021-08-28T13:02:03.326-0700 [DEBUG] provider.terraform-provider-mso_v0.2.1: 2021/08/28 13:02:03 nHTTP Response: 201 201 Created &{201 Created 201 HTTP/1.1 1 1 map[Cache-Control:[no-cache] Connection:[keep-alive] Content-Language:[en] Content-Length:[1005] Content-Type:[application/json] Date:[Sat, 28 Aug 2021 20:01:57 GMT] Expires:[Thu, 01 Jan 1970 00:00:01 GMT] Server:[nginx] Strict-Transport-Security:[max-age=31536000; includeSubDomains] X-Content-Type-Options:[nosniff] X-Frame-Options:[SAMEORIGIN] X-Xss-Protection:[1; mode=block]] 0xc0005d4040 1005 [] false false map[] 0xc00019a900 0xc00011d340}
2021-08-28T13:02:03.326-0700 [DEBUG] provider.terraform-provider-mso_v0.2.1: 2021/08/28 13:02:03 
2021-08-28T13:02:03.326-0700 [DEBUG] provider.terraform-provider-mso_v0.2.1:  HTTP response unique string POST https://10.88.36.44/api/v1/auth/login {"userId":"0000ffff0000000000000020","needsPasswordUpdate":false,"token":"eyJ0eXAiOiJKV1QiLCJhbGciOiJIUzI1NiJ9.eyJleHAiOjE2MzAxODIxMTcsImlhdCI6MTYzMDE4MDkxNywiaXNzIjoiZTA1NjZlOWRlNGNmNGQyMDkwMDc3NWZmNDQ0YWEzNzAiLCJtc29Vc2VySWQiOiIwMDAwZmZmZjAwMDAwMDAwMDAwMDAwMjAiLCJ1c2VybmFtZSI6ImFkbWluIiwicGVybWlzc2lvbnMiOlsidmlldy1zaXRlLWFkbWluIiwidmlldy1zaXRlLXBvbGljeSIsInZpZXctdGVuYW50LWNvbm5lY3Rpdml0eSIsInZpZXctYWFhIiwidmlldy1jb25maWctbWFuYWdlciIsInZpZXctYWRtaW4iLCJtYW5hZ2UtdGVuYW50LWNvbm5lY3Rpdml0eSIsIm1hbmFnZS1zaXRlLWFkbWluIiwibWFuYWdlLXNpdGUtcG9saWN5IiwibWFuYWdlLWFhYSIsIm1hbmFnZS1hZG1pbiIsIm1hbmFnZS1jb25maWctbWFuYWdlciJdLCJyYmFjIjpbXSwidXNlcmZsYWdzIjowLCJzZXNzaW9uaWQiOiIxMjQ1IiwidXNlcmlkIjoyNTAwMn0.DSat7-LjwcHpsVqXlIq48QnWSGNQUxzKv4RMOrzNsjc","permissions":["view-site-admin","view-site-policy","view-tenant-connectivity","view-aaa","view-config-manager","view-admin","manage-tenant-connectivity","manage-site-admin","manage-site-policy","manage-aaa","manage-admin","manage-config-manager"],"message":""}
2021-08-28T13:02:03.326-0700 [DEBUG] provider.terraform-provider-mso_v0.2.1: 2021/08/28 13:02:03 [DEBUG] Exit from do method
2021-08-28T13:02:03.326-0700 [DEBUG] provider.terraform-provider-mso_v0.2.1: 2021/08/28 13:02:03 HTTP request after injection PATCH api/v1/schemas/612a90b96300004fd74bf29e
2021-08-28T13:02:03.326-0700 [DEBUG] provider.terraform-provider-mso_v0.2.1: 2021/08/28 13:02:03 [DEBUG] Begining DO method https://10.88.36.44/api/v1/schemas/612a90b96300004fd74bf29e
2021-08-28T13:02:03.454-0700 [DEBUG] provider.terraform-provider-mso_v0.2.1: 2021/08/28 13:02:03 
2021-08-28T13:02:03.455-0700 [DEBUG] provider.terraform-provider-mso_v0.2.1: HTTP Request: PATCH https://10.88.36.44/api/v1/schemas/612a90b96300004fd74bf29e
2021-08-28T13:02:03.455-0700 [DEBUG] provider.terraform-provider-mso_v0.2.1: 2021/08/28 13:02:03 nHTTP Response: 200 200 OK &{200 OK 200 HTTP/1.1 1 1 map[Cache-Control:[no-cache] Connection:[keep-alive] Content-Language:[en] Content-Length:[3365] Content-Type:[application/json] Date:[Sat, 28 Aug 2021 20:01:57 GMT] Expires:[Thu, 01 Jan 1970 00:00:01 GMT] Modified:[true] Server:[nginx] Strict-Transport-Security:[max-age=31536000; includeSubDomains] X-Content-Type-Options:[nosniff] X-Frame-Options:[SAMEORIGIN] X-Xss-Protection:[1; mode=block]] 0xc000105b80 3365 [] false false map[] 0xc00001a100 0xc00011d290}
2021-08-28T13:02:03.455-0700 [DEBUG] provider.terraform-provider-mso_v0.2.1: 2021/08/28 13:02:03 
2021-08-28T13:02:03.455-0700 [DEBUG] provider.terraform-provider-mso_v0.2.1:  HTTP response unique string PATCH https://10.88.36.44/api/v1/schemas/612a90b96300004fd74bf29e {"id":"612a90b96300004fd74bf29e","displayName":"terraform_schema","description":"","templates":[{"name":"terraform_template","displayName":"terraform_template","tenantId":"612a837e630000d6d34bf296","anps":[{"name":"Terraform_App","displayName":"Terraform_App","anpRef":"/schemas/612a90b96300004fd74bf29e/templates/terraform_template/anps/Terraform_App","epgs":[{"name":"Terraform_Web","displayName":"Terraform_Web","epgRef":"/schemas/612a90b96300004fd74bf29e/templates/terraform_template/anps/Terraform_App/epgs/Terraform_Web","contractRelationships":[{"relationshipType":"provider","contractRef":"/schemas/612a90b96300004fd74bf29e/templates/terraform_template/contracts/Internet-to-Web"}],"subnets":[],"uSegEpg":false,"uSegAttrs":[],"intraEpg":"unenforced","prio":"unspecified","proxyArp":false,"mCastSource":false,"preferredGroup":false,"bdRef":"/schemas/612a90b96300004fd74bf29e/templates/terraform_template/bds/prod_bd","vrfRef":"/schemas/612a90b96300004fd74bf29e/templates/terraform_template/vrfs/prod_vrf","selectors":[]}]}],"vrfs":[{"name":"prod_vrf","displayName":"prod_vrf","vrfRef":"/schemas/612a90b96300004fd74bf29e/templates/terraform_template/vrfs/prod_vrf","l3MCast":false,"preferredGroup":false,"vzAnyEnabled":false,"vzAnyProviderContracts":[],"vzAnyConsumerContracts":[],"rpConfigs":[],"pcEnfPref":"enforced","ipDataPlaneLearning":"enabled"}],"bds":[{"name":"prod_bd","displayName":"prod_bd","bdRef":"/schemas/612a90b96300004fd74bf29e/templates/terraform_template/bds/prod_bd","l2UnknownUnicast":"proxy","intersiteBumTrafficAllow":false,"optimizeWanBandwidth":false,"l2Stretch":true,"subnets":[],"vrfRef":"/schemas/612a90b96300004fd74bf29e/templates/terraform_template/vrfs/prod_vrf","unkMcastAct":"flood","v6unkMcastAct":"flood","arpFlood":false,"multiDstPktAct":"bd-flood","dhcpLabels":[],"unicastRouting":true}],"contracts":[{"name":"Internet-to-Web","displayName":"Internet-to-Web","contractRef":"/schemas/612a90b96300004fd74bf29e/templates/terraform_template/contracts/Internet-to-Web","filterRelationships":[{"filterRef":"/schemas/612a90b96300004fd74bf29e/templates/terraform_template/filters/HTTP","directives":["none"],"action":"permit","priorityOverride":"default"}],"scope":"context","filterType":"bothWay","filterRelationshipsProviderToConsumer":[],"filterRelationshipsConsumerToProvider":[]}],"filters":[{"name":"HTTP","displayName":"HTTP","filterRef":"/schemas/612a90b96300004fd74bf29e/templates/terraform_template/filters/HTTP","entries":[{"name":"HTTP","displayName":"HTTP","etherType":"ip","arpFlag":"unspecified","ipProtocol":"tcp","matchOnlyFragments":false,"stateful":false,"sourceFrom":"unspecified","sourceTo":"unspecified","destinationFrom":"http","destinationTo":"http","tcpSessionRules":["unspecified"]},{"name":"HTTPs","displayName":"HTTPs","description":"","etherType":"ip","arpFlag":"unspecified","ipProtocol":"tcp","matchOnlyFragments":false,"stateful":false,"sourceFrom":"unspecified","sourceTo":"unspecified","destinationFrom":"https","destinationTo":"https","tcpSessionRules":["unspecified"]}]}],"externalEpgs":[],"serviceGraphs":[],"intersiteL3outs":[],"templateType":"stretched-template","templateSubType":[]}],"_updateVersion":1,"sites":[{"siteId":"6112ba880401001801d79f31","templateName":"terraform_template","anps":[],"vrfs":[],"bds":[],"contracts":[],"externalEpgs":[],"serviceGraphs":[],"intersiteL3outs":[]}]}
2021-08-28T13:02:03.455-0700 [DEBUG] provider.terraform-provider-mso_v0.2.1: 2021/08/28 13:02:03 [DEBUG] Exit from do method
2021-08-28T13:02:03.455-0700 [DEBUG] provider.terraform-provider-mso_v0.2.1: 2021/08/28 13:02:03 [DEBUG] 6112ba880401001801d79f31: Creation finished successfully
2021-08-28T13:02:03.455-0700 [DEBUG] provider.terraform-provider-mso_v0.2.1: 2021/08/28 13:02:03 [DEBUG] 6112ba880401001801d79f31: Beginning Read
2021-08-28T13:02:03.455-0700 [DEBUG] provider.terraform-provider-mso_v0.2.1: 2021/08/28 13:02:03 HTTP request GET api/v1/schemas/612a90b96300004fd74bf29e
2021-08-28T13:02:03.455-0700 [DEBUG] provider.terraform-provider-mso_v0.2.1: 2021/08/28 13:02:03 [DEBUG] Begin Injection
2021-08-28T13:02:03.455-0700 [DEBUG] provider.terraform-provider-mso_v0.2.1: 2021/08/28 13:02:03 HTTP request after injection GET api/v1/schemas/612a90b96300004fd74bf29e
2021-08-28T13:02:03.455-0700 [DEBUG] provider.terraform-provider-mso_v0.2.1: 2021/08/28 13:02:03 [DEBUG] Begining DO method https://10.88.36.44/api/v1/schemas/612a90b96300004fd74bf29e
2021-08-28T13:02:03.472-0700 [DEBUG] provider.terraform-provider-mso_v0.2.1: 2021/08/28 13:02:03 
2021-08-28T13:02:03.472-0700 [DEBUG] provider.terraform-provider-mso_v0.2.1: HTTP Request: PATCH https://10.88.36.44/api/v1/schemas/612a90b96300004fd74bf29e
2021-08-28T13:02:03.472-0700 [DEBUG] provider.terraform-provider-mso_v0.2.1: 2021/08/28 13:02:03 nHTTP Response: 200 200 OK &{200 OK 200 HTTP/1.1 1 1 map[Cache-Control:[no-cache] Connection:[keep-alive] Content-Language:[en] Content-Length:[3365] Content-Type:[application/json] Date:[Sat, 28 Aug 2021 20:01:57 GMT] Expires:[Thu, 01 Jan 1970 00:00:01 GMT] Modified:[true] Server:[nginx] Strict-Transport-Security:[max-age=31536000; includeSubDomains] X-Content-Type-Options:[nosniff] X-Frame-Options:[SAMEORIGIN] X-Xss-Protection:[1; mode=block]] 0xc0000a2280 3365 [] false false map[] 0xc00019a800 0xc00011d340}
2021-08-28T13:02:03.472-0700 [DEBUG] provider.terraform-provider-mso_v0.2.1: 2021/08/28 13:02:03 
2021-08-28T13:02:03.472-0700 [DEBUG] provider.terraform-provider-mso_v0.2.1:  HTTP response unique string PATCH https://10.88.36.44/api/v1/schemas/612a90b96300004fd74bf29e {"id":"612a90b96300004fd74bf29e","displayName":"terraform_schema","description":"","templates":[{"name":"terraform_template","displayName":"terraform_template","tenantId":"612a837e630000d6d34bf296","anps":[{"name":"Terraform_App","displayName":"Terraform_App","anpRef":"/schemas/612a90b96300004fd74bf29e/templates/terraform_template/anps/Terraform_App","epgs":[{"name":"Terraform_Web","displayName":"Terraform_Web","epgRef":"/schemas/612a90b96300004fd74bf29e/templates/terraform_template/anps/Terraform_App/epgs/Terraform_Web","contractRelationships":[{"relationshipType":"provider","contractRef":"/schemas/612a90b96300004fd74bf29e/templates/terraform_template/contracts/Internet-to-Web"}],"subnets":[],"uSegEpg":false,"uSegAttrs":[],"intraEpg":"unenforced","prio":"unspecified","proxyArp":false,"mCastSource":false,"preferredGroup":false,"bdRef":"/schemas/612a90b96300004fd74bf29e/templates/terraform_template/bds/prod_bd","vrfRef":"/schemas/612a90b96300004fd74bf29e/templates/terraform_template/vrfs/prod_vrf","selectors":[]}]}],"vrfs":[{"name":"prod_vrf","displayName":"prod_vrf","vrfRef":"/schemas/612a90b96300004fd74bf29e/templates/terraform_template/vrfs/prod_vrf","l3MCast":false,"preferredGroup":false,"vzAnyEnabled":false,"vzAnyProviderContracts":[],"vzAnyConsumerContracts":[],"rpConfigs":[],"pcEnfPref":"enforced","ipDataPlaneLearning":"enabled"}],"bds":[{"name":"prod_bd","displayName":"prod_bd","bdRef":"/schemas/612a90b96300004fd74bf29e/templates/terraform_template/bds/prod_bd","l2UnknownUnicast":"proxy","intersiteBumTrafficAllow":false,"optimizeWanBandwidth":false,"l2Stretch":true,"subnets":[],"vrfRef":"/schemas/612a90b96300004fd74bf29e/templates/terraform_template/vrfs/prod_vrf","unkMcastAct":"flood","v6unkMcastAct":"flood","arpFlood":false,"multiDstPktAct":"bd-flood","dhcpLabels":[],"unicastRouting":true}],"contracts":[{"name":"Internet-to-Web","displayName":"Internet-to-Web","contractRef":"/schemas/612a90b96300004fd74bf29e/templates/terraform_template/contracts/Internet-to-Web","filterRelationships":[{"filterRef":"/schemas/612a90b96300004fd74bf29e/templates/terraform_template/filters/HTTP","directives":["none"],"action":"permit","priorityOverride":"default"}],"scope":"context","filterType":"bothWay","filterRelationshipsProviderToConsumer":[],"filterRelationshipsConsumerToProvider":[]}],"filters":[{"name":"HTTP","displayName":"HTTP","filterRef":"/schemas/612a90b96300004fd74bf29e/templates/terraform_template/filters/HTTP","entries":[{"name":"HTTP","displayName":"HTTP","etherType":"ip","arpFlag":"unspecified","ipProtocol":"tcp","matchOnlyFragments":false,"stateful":false,"sourceFrom":"unspecified","sourceTo":"unspecified","destinationFrom":"http","destinationTo":"http","tcpSessionRules":["unspecified"]},{"name":"HTTPs","displayName":"HTTPs","description":"","etherType":"ip","arpFlag":"unspecified","ipProtocol":"tcp","matchOnlyFragments":false,"stateful":false,"sourceFrom":"unspecified","sourceTo":"unspecified","destinationFrom":"https","destinationTo":"https","tcpSessionRules":["unspecified"]}]}],"externalEpgs":[],"serviceGraphs":[],"intersiteL3outs":[],"templateType":"stretched-template","templateSubType":[]}],"_updateVersion":1,"sites":[{"siteId":"6112bb1e0401003c01d79f32","templateName":"terraform_template","anps":[],"vrfs":[],"bds":[],"contracts":[],"externalEpgs":[],"serviceGraphs":[],"intersiteL3outs":[]}]}
2021-08-28T13:02:03.472-0700 [DEBUG] provider.terraform-provider-mso_v0.2.1: 2021/08/28 13:02:03 [DEBUG] Exit from do method
2021-08-28T13:02:03.472-0700 [DEBUG] provider.terraform-provider-mso_v0.2.1: 2021/08/28 13:02:03 [DEBUG] 6112bb1e0401003c01d79f32: Creation finished successfully
2021-08-28T13:02:03.472-0700 [DEBUG] provider.terraform-provider-mso_v0.2.1: 2021/08/28 13:02:03 [DEBUG] 6112bb1e0401003c01d79f32: Beginning Read
2021-08-28T13:02:03.472-0700 [DEBUG] provider.terraform-provider-mso_v0.2.1: 2021/08/28 13:02:03 HTTP request GET api/v1/schemas/612a90b96300004fd74bf29e
2021-08-28T13:02:03.472-0700 [DEBUG] provider.terraform-provider-mso_v0.2.1: 2021/08/28 13:02:03 [DEBUG] Begin Injection
2021-08-28T13:02:03.472-0700 [DEBUG] provider.terraform-provider-mso_v0.2.1: 2021/08/28 13:02:03 HTTP request after injection GET api/v1/schemas/612a90b96300004fd74bf29e
2021-08-28T13:02:03.472-0700 [DEBUG] provider.terraform-provider-mso_v0.2.1: 2021/08/28 13:02:03 [DEBUG] Begining DO method https://10.88.36.44/api/v1/schemas/612a90b96300004fd74bf29e
2021-08-28T13:02:03.543-0700 [DEBUG] provider.terraform-provider-mso_v0.2.1: 2021/08/28 13:02:03 
2021-08-28T13:02:03.544-0700 [DEBUG] provider.terraform-provider-mso_v0.2.1: HTTP Request: GET https://10.88.36.44/api/v1/schemas/612a90b96300004fd74bf29e
2021-08-28T13:02:03.544-0700 [DEBUG] provider.terraform-provider-mso_v0.2.1: 2021/08/28 13:02:03 nHTTP Response: 200 200 OK &{200 OK 200 HTTP/1.1 1 1 map[Cache-Control:[no-cache] Connection:[keep-alive] Content-Language:[en] Content-Length:[3365] Content-Type:[application/json] Date:[Sat, 28 Aug 2021 20:01:57 GMT] Expires:[Thu, 01 Jan 1970 00:00:01 GMT] Server:[nginx] Strict-Transport-Security:[max-age=31536000; includeSubDomains] X-Content-Type-Options:[nosniff] X-Frame-Options:[SAMEORIGIN] X-Xss-Protection:[1; mode=block]] 0xc000105cc0 3365 [] false false map[] 0xc00001a000 0xc00011d290}
2021-08-28T13:02:03.544-0700 [DEBUG] provider.terraform-provider-mso_v0.2.1: 2021/08/28 13:02:03 
2021-08-28T13:02:03.544-0700 [DEBUG] provider.terraform-provider-mso_v0.2.1:  HTTP response unique string GET https://10.88.36.44/api/v1/schemas/612a90b96300004fd74bf29e {"id":"612a90b96300004fd74bf29e","displayName":"terraform_schema","description":"","templates":[{"name":"terraform_template","displayName":"terraform_template","tenantId":"612a837e630000d6d34bf296","anps":[{"name":"Terraform_App","displayName":"Terraform_App","anpRef":"/schemas/612a90b96300004fd74bf29e/templates/terraform_template/anps/Terraform_App","epgs":[{"name":"Terraform_Web","displayName":"Terraform_Web","epgRef":"/schemas/612a90b96300004fd74bf29e/templates/terraform_template/anps/Terraform_App/epgs/Terraform_Web","contractRelationships":[{"relationshipType":"provider","contractRef":"/schemas/612a90b96300004fd74bf29e/templates/terraform_template/contracts/Internet-to-Web"}],"subnets":[],"uSegEpg":false,"uSegAttrs":[],"intraEpg":"unenforced","prio":"unspecified","proxyArp":false,"mCastSource":false,"preferredGroup":false,"bdRef":"/schemas/612a90b96300004fd74bf29e/templates/terraform_template/bds/prod_bd","vrfRef":"/schemas/612a90b96300004fd74bf29e/templates/terraform_template/vrfs/prod_vrf","selectors":[]}]}],"vrfs":[{"name":"prod_vrf","displayName":"prod_vrf","vrfRef":"/schemas/612a90b96300004fd74bf29e/templates/terraform_template/vrfs/prod_vrf","l3MCast":false,"preferredGroup":false,"vzAnyEnabled":false,"vzAnyProviderContracts":[],"vzAnyConsumerContracts":[],"rpConfigs":[],"pcEnfPref":"enforced","ipDataPlaneLearning":"enabled"}],"bds":[{"name":"prod_bd","displayName":"prod_bd","bdRef":"/schemas/612a90b96300004fd74bf29e/templates/terraform_template/bds/prod_bd","l2UnknownUnicast":"proxy","intersiteBumTrafficAllow":false,"optimizeWanBandwidth":false,"l2Stretch":true,"subnets":[],"vrfRef":"/schemas/612a90b96300004fd74bf29e/templates/terraform_template/vrfs/prod_vrf","unkMcastAct":"flood","v6unkMcastAct":"flood","arpFlood":false,"multiDstPktAct":"bd-flood","dhcpLabels":[],"unicastRouting":true}],"contracts":[{"name":"Internet-to-Web","displayName":"Internet-to-Web","contractRef":"/schemas/612a90b96300004fd74bf29e/templates/terraform_template/contracts/Internet-to-Web","filterRelationships":[{"filterRef":"/schemas/612a90b96300004fd74bf29e/templates/terraform_template/filters/HTTP","directives":["none"],"action":"permit","priorityOverride":"default"}],"scope":"context","filterType":"bothWay","filterRelationshipsProviderToConsumer":[],"filterRelationshipsConsumerToProvider":[]}],"filters":[{"name":"HTTP","displayName":"HTTP","filterRef":"/schemas/612a90b96300004fd74bf29e/templates/terraform_template/filters/HTTP","entries":[{"name":"HTTP","displayName":"HTTP","etherType":"ip","arpFlag":"unspecified","ipProtocol":"tcp","matchOnlyFragments":false,"stateful":false,"sourceFrom":"unspecified","sourceTo":"unspecified","destinationFrom":"http","destinationTo":"http","tcpSessionRules":["unspecified"]},{"name":"HTTPs","displayName":"HTTPs","description":"","etherType":"ip","arpFlag":"unspecified","ipProtocol":"tcp","matchOnlyFragments":false,"stateful":false,"sourceFrom":"unspecified","sourceTo":"unspecified","destinationFrom":"https","destinationTo":"https","tcpSessionRules":["unspecified"]}]}],"externalEpgs":[],"serviceGraphs":[],"intersiteL3outs":[],"templateType":"stretched-template","templateSubType":[]}],"_updateVersion":1,"sites":[{"siteId":"6112bb1e0401003c01d79f32","templateName":"terraform_template","anps":[],"vrfs":[],"bds":[],"contracts":[],"externalEpgs":[],"serviceGraphs":[],"intersiteL3outs":[]}]}
2021-08-28T13:02:03.544-0700 [DEBUG] provider.terraform-provider-mso_v0.2.1: 2021/08/28 13:02:03 [DEBUG] Exit from do method
2021-08-28T13:02:03.544-0700 [DEBUG] provider.terraform-provider-mso_v0.2.1: 2021/08/28 13:02:03 [DEBUG] : Read finished successfully
2021-08-28T13:02:03.557-0700 [DEBUG] provider.terraform-provider-mso_v0.2.1: 2021/08/28 13:02:03 
2021-08-28T13:02:03.566-0700 [DEBUG] provider.terraform-provider-mso_v0.2.1: HTTP Request: GET https://10.88.36.44/api/v1/schemas/612a90b96300004fd74bf29e
2021-08-28T13:02:03.567-0700 [DEBUG] provider.terraform-provider-mso_v0.2.1: 2021/08/28 13:02:03 nHTTP Response: 200 200 OK &{200 OK 200 HTTP/1.1 1 1 map[Cache-Control:[no-cache] Connection:[keep-alive] Content-Language:[en] Content-Length:[3365] Content-Type:[application/json] Date:[Sat, 28 Aug 2021 20:01:57 GMT] Expires:[Thu, 01 Jan 1970 00:00:01 GMT] Server:[nginx] Strict-Transport-Security:[max-age=31536000; includeSubDomains] X-Content-Type-Options:[nosniff] X-Frame-Options:[SAMEORIGIN] X-Xss-Protection:[1; mode=block]] 0xc0000a2600 3365 [] false false map[] 0xc00019ae00 0xc00011d340}
2021-08-28T13:02:03.567-0700 [DEBUG] provider.terraform-provider-mso_v0.2.1: 2021/08/28 13:02:03 
2021-08-28T13:02:03.567-0700 [DEBUG] provider.terraform-provider-mso_v0.2.1:  HTTP response unique string GET https://10.88.36.44/api/v1/schemas/612a90b96300004fd74bf29e {"id":"612a90b96300004fd74bf29e","displayName":"terraform_schema","description":"","templates":[{"name":"terraform_template","displayName":"terraform_template","tenantId":"612a837e630000d6d34bf296","anps":[{"name":"Terraform_App","displayName":"Terraform_App","anpRef":"/schemas/612a90b96300004fd74bf29e/templates/terraform_template/anps/Terraform_App","epgs":[{"name":"Terraform_Web","displayName":"Terraform_Web","epgRef":"/schemas/612a90b96300004fd74bf29e/templates/terraform_template/anps/Terraform_App/epgs/Terraform_Web","contractRelationships":[{"relationshipType":"provider","contractRef":"/schemas/612a90b96300004fd74bf29e/templates/terraform_template/contracts/Internet-to-Web"}],"subnets":[],"uSegEpg":false,"uSegAttrs":[],"intraEpg":"unenforced","prio":"unspecified","proxyArp":false,"mCastSource":false,"preferredGroup":false,"bdRef":"/schemas/612a90b96300004fd74bf29e/templates/terraform_template/bds/prod_bd","vrfRef":"/schemas/612a90b96300004fd74bf29e/templates/terraform_template/vrfs/prod_vrf","selectors":[]}]}],"vrfs":[{"name":"prod_vrf","displayName":"prod_vrf","vrfRef":"/schemas/612a90b96300004fd74bf29e/templates/terraform_template/vrfs/prod_vrf","l3MCast":false,"preferredGroup":false,"vzAnyEnabled":false,"vzAnyProviderContracts":[],"vzAnyConsumerContracts":[],"rpConfigs":[],"pcEnfPref":"enforced","ipDataPlaneLearning":"enabled"}],"bds":[{"name":"prod_bd","displayName":"prod_bd","bdRef":"/schemas/612a90b96300004fd74bf29e/templates/terraform_template/bds/prod_bd","l2UnknownUnicast":"proxy","intersiteBumTrafficAllow":false,"optimizeWanBandwidth":false,"l2Stretch":true,"subnets":[],"vrfRef":"/schemas/612a90b96300004fd74bf29e/templates/terraform_template/vrfs/prod_vrf","unkMcastAct":"flood","v6unkMcastAct":"flood","arpFlood":false,"multiDstPktAct":"bd-flood","dhcpLabels":[],"unicastRouting":true}],"contracts":[{"name":"Internet-to-Web","displayName":"Internet-to-Web","contractRef":"/schemas/612a90b96300004fd74bf29e/templates/terraform_template/contracts/Internet-to-Web","filterRelationships":[{"filterRef":"/schemas/612a90b96300004fd74bf29e/templates/terraform_template/filters/HTTP","directives":["none"],"action":"permit","priorityOverride":"default"}],"scope":"context","filterType":"bothWay","filterRelationshipsProviderToConsumer":[],"filterRelationshipsConsumerToProvider":[]}],"filters":[{"name":"HTTP","displayName":"HTTP","filterRef":"/schemas/612a90b96300004fd74bf29e/templates/terraform_template/filters/HTTP","entries":[{"name":"HTTP","displayName":"HTTP","etherType":"ip","arpFlag":"unspecified","ipProtocol":"tcp","matchOnlyFragments":false,"stateful":false,"sourceFrom":"unspecified","sourceTo":"unspecified","destinationFrom":"http","destinationTo":"http","tcpSessionRules":["unspecified"]},{"name":"HTTPs","displayName":"HTTPs","description":"","etherType":"ip","arpFlag":"unspecified","ipProtocol":"tcp","matchOnlyFragments":false,"stateful":false,"sourceFrom":"unspecified","sourceTo":"unspecified","destinationFrom":"https","destinationTo":"https","tcpSessionRules":["unspecified"]}]}],"externalEpgs":[],"serviceGraphs":[],"intersiteL3outs":[],"templateType":"stretched-template","templateSubType":[]}],"_updateVersion":1,"sites":[{"siteId":"6112bb1e0401003c01d79f32","templateName":"terraform_template","anps":[],"vrfs":[],"bds":[],"contracts":[],"externalEpgs":[],"serviceGraphs":[],"intersiteL3outs":[]}]}
2021-08-28T13:02:03.567-0700 [DEBUG] provider.terraform-provider-mso_v0.2.1: 2021/08/28 13:02:03 [DEBUG] Exit from do method
2021-08-28T13:02:03.567-0700 [DEBUG] provider.terraform-provider-mso_v0.2.1: 2021/08/28 13:02:03 [DEBUG] 6112bb1e0401003c01d79f32: Read finished successfully
2021-08-28T13:02:03.613-0700 [DEBUG] provider.stdio: received EOF, stopping recv loop: err="rpc error: code = Unavailable desc = transport is closing"
2021-08-28T13:02:03.615-0700 [DEBUG] provider: plugin process exited: path=.terraform/providers/registry.terraform.io/ciscodevnet/mso/0.2.1/darwin_amd64/terraform-provider-mso_v0.2.1 pid=38969
2021-08-28T13:02:03.615-0700 [DEBUG] provider: plugin exited
